This is pdfTeX, Version 3.14159265-2.6-1.40.17 (TeX Live 2016/Debian) (preloaded format=pdflatex 2017.7.8)  13 APR 2018 15:32
entering extended mode
 restricted \write18 enabled.
 %&-line parsing enabled.
**PresMSC.tex
(./PresMSC.tex
LaTeX2e <2017/01/01> patch level 3
Babel <3.9r> and hyphenation patterns for 83 language(s) loaded.
(/usr/share/texlive/texmf-dist/tex/latex/beamer/beamer.cls
Document Class: beamer 2017/01/22 v3.40 A class for typesetting presentations
(/usr/share/texlive/texmf-dist/tex/latex/etoolbox/etoolbox.sty
Package: etoolbox 2017/01/02 v2.4 e-TeX tools for LaTeX (JAW)
\etb@tempcnta=\count79
)
(/usr/share/texlive/texmf-dist/tex/latex/beamer/beamerbasemodes.sty
\beamer@tempbox=\box26
\beamer@tempcount=\count80
\c@beamerpauses=\count81

(/usr/share/texlive/texmf-dist/tex/latex/beamer/beamerbasedecode.sty
\beamer@slideinframe=\count82
\beamer@minimum=\count83
)
\beamer@commentbox=\box27
\beamer@modecount=\count84
)
(/usr/share/texlive/texmf-dist/tex/generic/oberdiek/ifpdf.sty
Package: ifpdf 2016/05/14 v3.1 Provides the ifpdf switch
)
\headheight=\dimen102
\headdp=\dimen103
\footheight=\dimen104
\sidebarheight=\dimen105
\beamer@tempdim=\dimen106
\beamer@finalheight=\dimen107
\beamer@animht=\dimen108
\beamer@animdp=\dimen109
\beamer@animwd=\dimen110
\beamer@leftmargin=\dimen111
\beamer@rightmargin=\dimen112
\beamer@leftsidebar=\dimen113
\beamer@rightsidebar=\dimen114
\beamer@boxsize=\dimen115
\beamer@vboxoffset=\dimen116
\beamer@descdefault=\dimen117
\beamer@descriptionwidth=\dimen118
\beamer@lastskip=\skip41
\beamer@areabox=\box28
\beamer@animcurrent=\box29
\beamer@animshowbox=\box30
\beamer@sectionbox=\box31
\beamer@logobox=\box32
\beamer@linebox=\box33
\beamer@sectioncount=\count85
\beamer@subsubsectionmax=\count86
\beamer@subsectionmax=\count87
\beamer@sectionmax=\count88
\beamer@totalheads=\count89
\beamer@headcounter=\count90
\beamer@partstartpage=\count91
\beamer@sectionstartpage=\count92
\beamer@subsectionstartpage=\count93
\beamer@animationtempa=\count94
\beamer@animationtempb=\count95
\beamer@xpos=\count96
\beamer@ypos=\count97
\beamer@showpartnumber=\count98
\beamer@currentsubsection=\count99
\beamer@coveringdepth=\count100
\beamer@sectionadjust=\count101
\beamer@tocsectionnumber=\count102

(/usr/share/texlive/texmf-dist/tex/latex/beamer/beamerbaseoptions.sty
(/usr/share/texlive/texmf-dist/tex/latex/graphics/keyval.sty
Package: keyval 2014/10/28 v1.15 key=value parser (DPC)
\KV@toks@=\toks14
))
\beamer@paperwidth=\skip42
\beamer@paperheight=\skip43

(/usr/share/texlive/texmf-dist/tex/latex/geometry/geometry.sty
Package: geometry 2010/09/12 v5.6 Page Geometry

(/usr/share/texlive/texmf-dist/tex/generic/oberdiek/ifvtex.sty
Package: ifvtex 2016/05/16 v1.6 Detect VTeX and its facilities (HO)
Package ifvtex Info: VTeX not detected.
)
(/usr/share/texlive/texmf-dist/tex/generic/ifxetex/ifxetex.sty
Package: ifxetex 2010/09/12 v0.6 Provides ifxetex conditional
)
\Gm@cnth=\count103
\Gm@cntv=\count104
\c@Gm@tempcnt=\count105
\Gm@bindingoffset=\dimen119
\Gm@wd@mp=\dimen120
\Gm@odd@mp=\dimen121
\Gm@even@mp=\dimen122
\Gm@layoutwidth=\dimen123
\Gm@layoutheight=\dimen124
\Gm@layouthoffset=\dimen125
\Gm@layoutvoffset=\dimen126
\Gm@dimlist=\toks15
)
(/usr/share/texlive/texmf-dist/tex/latex/base/size12.clo
File: size12.clo 2014/09/29 v1.4h Standard LaTeX file (size option)
)
(/usr/share/texlive/texmf-dist/tex/latex/pgf/basiclayer/pgfcore.sty
(/usr/share/texlive/texmf-dist/tex/latex/graphics/graphicx.sty
Package: graphicx 2014/10/28 v1.0g Enhanced LaTeX Graphics (DPC,SPQR)

(/usr/share/texlive/texmf-dist/tex/latex/graphics/graphics.sty
Package: graphics 2016/10/09 v1.0u Standard LaTeX Graphics (DPC,SPQR)

(/usr/share/texlive/texmf-dist/tex/latex/graphics/trig.sty
Package: trig 2016/01/03 v1.10 sin cos tan (DPC)
)
(/usr/share/texlive/texmf-dist/tex/latex/graphics-cfg/graphics.cfg
File: graphics.cfg 2016/06/04 v1.11 sample graphics configuration
)
Package graphics Info: Driver file: pdftex.def on input line 99.

(/usr/share/texlive/texmf-dist/tex/latex/graphics-def/pdftex.def
File: pdftex.def 2017/01/12 v0.06k Graphics/color for pdfTeX

(/usr/share/texlive/texmf-dist/tex/generic/oberdiek/infwarerr.sty
Package: infwarerr 2016/05/16 v1.4 Providing info/warning/error messages (HO)
)
(/usr/share/texlive/texmf-dist/tex/generic/oberdiek/ltxcmds.sty
Package: ltxcmds 2016/05/16 v1.23 LaTeX kernel commands for general use (HO)
)
\Gread@gobject=\count106
))
\Gin@req@height=\dimen127
\Gin@req@width=\dimen128
)
(/usr/share/texlive/texmf-dist/tex/latex/pgf/systemlayer/pgfsys.sty
(/usr/share/texlive/texmf-dist/tex/latex/pgf/utilities/pgfrcs.sty
(/usr/share/texlive/texmf-dist/tex/generic/pgf/utilities/pgfutil-common.tex
\pgfutil@everybye=\toks16
\pgfutil@tempdima=\dimen129
\pgfutil@tempdimb=\dimen130

(/usr/share/texlive/texmf-dist/tex/generic/pgf/utilities/pgfutil-common-lists.t
ex)) (/usr/share/texlive/texmf-dist/tex/generic/pgf/utilities/pgfutil-latex.def
\pgfutil@abb=\box34
(/usr/share/texlive/texmf-dist/tex/latex/ms/everyshi.sty
Package: everyshi 2001/05/15 v3.00 EveryShipout Package (MS)
))
(/usr/share/texlive/texmf-dist/tex/generic/pgf/utilities/pgfrcs.code.tex
Package: pgfrcs 2015/08/07 v3.0.1a (rcs-revision 1.31)
))
(/usr/share/texlive/texmf-dist/tex/generic/pgf/systemlayer/pgfsys.code.tex
Package: pgfsys 2014/07/09 v3.0.1a (rcs-revision 1.48)

(/usr/share/texlive/texmf-dist/tex/generic/pgf/utilities/pgfkeys.code.tex
\pgfkeys@pathtoks=\toks17
\pgfkeys@temptoks=\toks18

(/usr/share/texlive/texmf-dist/tex/generic/pgf/utilities/pgfkeysfiltered.code.t
ex
\pgfkeys@tmptoks=\toks19
))
\pgf@x=\dimen131
\pgf@y=\dimen132
\pgf@xa=\dimen133
\pgf@ya=\dimen134
\pgf@xb=\dimen135
\pgf@yb=\dimen136
\pgf@xc=\dimen137
\pgf@yc=\dimen138
\w@pgf@writea=\write3
\r@pgf@reada=\read1
\c@pgf@counta=\count107
\c@pgf@countb=\count108
\c@pgf@countc=\count109
\c@pgf@countd=\count110
\t@pgf@toka=\toks20
\t@pgf@tokb=\toks21
\t@pgf@tokc=\toks22
 (/usr/share/texlive/texmf-dist/tex/generic/pgf/systemlayer/pgf.cfg
File: pgf.cfg 2008/05/14  (rcs-revision 1.7)
)
Driver file for pgf: pgfsys-pdftex.def

(/usr/share/texlive/texmf-dist/tex/generic/pgf/systemlayer/pgfsys-pdftex.def
File: pgfsys-pdftex.def 2014/10/11  (rcs-revision 1.35)

(/usr/share/texlive/texmf-dist/tex/generic/pgf/systemlayer/pgfsys-common-pdf.de
f
File: pgfsys-common-pdf.def 2013/10/10  (rcs-revision 1.13)
)))
(/usr/share/texlive/texmf-dist/tex/generic/pgf/systemlayer/pgfsyssoftpath.code.
tex
File: pgfsyssoftpath.code.tex 2013/09/09  (rcs-revision 1.9)
\pgfsyssoftpath@smallbuffer@items=\count111
\pgfsyssoftpath@bigbuffer@items=\count112
)
(/usr/share/texlive/texmf-dist/tex/generic/pgf/systemlayer/pgfsysprotocol.code.
tex
File: pgfsysprotocol.code.tex 2006/10/16  (rcs-revision 1.4)
)) (/usr/share/texlive/texmf-dist/tex/latex/xcolor/xcolor.sty
Package: xcolor 2016/05/11 v2.12 LaTeX color extensions (UK)

(/usr/share/texlive/texmf-dist/tex/latex/graphics-cfg/color.cfg
File: color.cfg 2016/01/02 v1.6 sample color configuration
)
Package xcolor Info: Driver file: pdftex.def on input line 225.
Package xcolor Info: Model `cmy' substituted by `cmy0' on input line 1348.
Package xcolor Info: Model `hsb' substituted by `rgb' on input line 1352.
Package xcolor Info: Model `RGB' extended on input line 1364.
Package xcolor Info: Model `HTML' substituted by `rgb' on input line 1366.
Package xcolor Info: Model `Hsb' substituted by `hsb' on input line 1367.
Package xcolor Info: Model `tHsb' substituted by `hsb' on input line 1368.
Package xcolor Info: Model `HSB' substituted by `hsb' on input line 1369.
Package xcolor Info: Model `Gray' substituted by `gray' on input line 1370.
Package xcolor Info: Model `wave' substituted by `hsb' on input line 1371.
)
(/usr/share/texlive/texmf-dist/tex/generic/pgf/basiclayer/pgfcore.code.tex
Package: pgfcore 2010/04/11 v3.0.1a (rcs-revision 1.7)

(/usr/share/texlive/texmf-dist/tex/generic/pgf/math/pgfmath.code.tex
(/usr/share/texlive/texmf-dist/tex/generic/pgf/math/pgfmathcalc.code.tex
(/usr/share/texlive/texmf-dist/tex/generic/pgf/math/pgfmathutil.code.tex)
(/usr/share/texlive/texmf-dist/tex/generic/pgf/math/pgfmathparser.code.tex
\pgfmath@dimen=\dimen139
\pgfmath@count=\count113
\pgfmath@box=\box35
\pgfmath@toks=\toks23
\pgfmath@stack@operand=\toks24
\pgfmath@stack@operation=\toks25
)
(/usr/share/texlive/texmf-dist/tex/generic/pgf/math/pgfmathfunctions.code.tex
(/usr/share/texlive/texmf-dist/tex/generic/pgf/math/pgfmathfunctions.basic.code
.tex)
(/usr/share/texlive/texmf-dist/tex/generic/pgf/math/pgfmathfunctions.trigonomet
ric.code.tex)
(/usr/share/texlive/texmf-dist/tex/generic/pgf/math/pgfmathfunctions.random.cod
e.tex)
(/usr/share/texlive/texmf-dist/tex/generic/pgf/math/pgfmathfunctions.comparison
.code.tex)
(/usr/share/texlive/texmf-dist/tex/generic/pgf/math/pgfmathfunctions.base.code.
tex)
(/usr/share/texlive/texmf-dist/tex/generic/pgf/math/pgfmathfunctions.round.code
.tex)
(/usr/share/texlive/texmf-dist/tex/generic/pgf/math/pgfmathfunctions.misc.code.
tex)
(/usr/share/texlive/texmf-dist/tex/generic/pgf/math/pgfmathfunctions.integerari
thmetics.code.tex)))
(/usr/share/texlive/texmf-dist/tex/generic/pgf/math/pgfmathfloat.code.tex
\c@pgfmathroundto@lastzeros=\count114
))
(/usr/share/texlive/texmf-dist/tex/generic/pgf/basiclayer/pgfcorepoints.code.te
x
File: pgfcorepoints.code.tex 2013/10/07  (rcs-revision 1.27)
\pgf@picminx=\dimen140
\pgf@picmaxx=\dimen141
\pgf@picminy=\dimen142
\pgf@picmaxy=\dimen143
\pgf@pathminx=\dimen144
\pgf@pathmaxx=\dimen145
\pgf@pathminy=\dimen146
\pgf@pathmaxy=\dimen147
\pgf@xx=\dimen148
\pgf@xy=\dimen149
\pgf@yx=\dimen150
\pgf@yy=\dimen151
\pgf@zx=\dimen152
\pgf@zy=\dimen153
)
(/usr/share/texlive/texmf-dist/tex/generic/pgf/basiclayer/pgfcorepathconstruct.
code.tex
File: pgfcorepathconstruct.code.tex 2013/10/07  (rcs-revision 1.29)
\pgf@path@lastx=\dimen154
\pgf@path@lasty=\dimen155
)
(/usr/share/texlive/texmf-dist/tex/generic/pgf/basiclayer/pgfcorepathusage.code
.tex
File: pgfcorepathusage.code.tex 2014/11/02  (rcs-revision 1.24)
\pgf@shorten@end@additional=\dimen156
\pgf@shorten@start@additional=\dimen157
)
(/usr/share/texlive/texmf-dist/tex/generic/pgf/basiclayer/pgfcorescopes.code.te
x
File: pgfcorescopes.code.tex 2015/05/08  (rcs-revision 1.46)
\pgfpic=\box36
\pgf@hbox=\box37
\pgf@layerbox@main=\box38
\pgf@picture@serial@count=\count115
)
(/usr/share/texlive/texmf-dist/tex/generic/pgf/basiclayer/pgfcoregraphicstate.c
ode.tex
File: pgfcoregraphicstate.code.tex 2014/11/02  (rcs-revision 1.12)
\pgflinewidth=\dimen158
)
(/usr/share/texlive/texmf-dist/tex/generic/pgf/basiclayer/pgfcoretransformation
s.code.tex
File: pgfcoretransformations.code.tex 2015/08/07  (rcs-revision 1.20)
\pgf@pt@x=\dimen159
\pgf@pt@y=\dimen160
\pgf@pt@temp=\dimen161
)
(/usr/share/texlive/texmf-dist/tex/generic/pgf/basiclayer/pgfcorequick.code.tex
File: pgfcorequick.code.tex 2008/10/09  (rcs-revision 1.3)
)
(/usr/share/texlive/texmf-dist/tex/generic/pgf/basiclayer/pgfcoreobjects.code.t
ex
File: pgfcoreobjects.code.tex 2006/10/11  (rcs-revision 1.2)
)
(/usr/share/texlive/texmf-dist/tex/generic/pgf/basiclayer/pgfcorepathprocessing
.code.tex
File: pgfcorepathprocessing.code.tex 2013/09/09  (rcs-revision 1.9)
)
(/usr/share/texlive/texmf-dist/tex/generic/pgf/basiclayer/pgfcorearrows.code.te
x
File: pgfcorearrows.code.tex 2015/05/14  (rcs-revision 1.43)
\pgfarrowsep=\dimen162
)
(/usr/share/texlive/texmf-dist/tex/generic/pgf/basiclayer/pgfcoreshade.code.tex
File: pgfcoreshade.code.tex 2013/07/15  (rcs-revision 1.15)
\pgf@max=\dimen163
\pgf@sys@shading@range@num=\count116
)
(/usr/share/texlive/texmf-dist/tex/generic/pgf/basiclayer/pgfcoreimage.code.tex
File: pgfcoreimage.code.tex 2013/07/15  (rcs-revision 1.18)

(/usr/share/texlive/texmf-dist/tex/generic/pgf/basiclayer/pgfcoreexternal.code.
tex
File: pgfcoreexternal.code.tex 2014/07/09  (rcs-revision 1.21)
\pgfexternal@startupbox=\box39
))
(/usr/share/texlive/texmf-dist/tex/generic/pgf/basiclayer/pgfcorelayers.code.te
x
File: pgfcorelayers.code.tex 2013/07/18  (rcs-revision 1.7)
)
(/usr/share/texlive/texmf-dist/tex/generic/pgf/basiclayer/pgfcoretransparency.c
ode.tex
File: pgfcoretransparency.code.tex 2013/09/30  (rcs-revision 1.5)
)
(/usr/share/texlive/texmf-dist/tex/generic/pgf/basiclayer/pgfcorepatterns.code.
tex
File: pgfcorepatterns.code.tex 2013/11/07  (rcs-revision 1.5)
))) (/usr/share/texlive/texmf-dist/tex/latex/pgf/utilities/xxcolor.sty
Package: xxcolor 2003/10/24 ver 0.1
\XC@nummixins=\count117
\XC@countmixins=\count118
)
(/usr/share/texlive/texmf-dist/tex/generic/oberdiek/atbegshi.sty
Package: atbegshi 2016/06/09 v1.18 At begin shipout hook (HO)
)
(/usr/share/texlive/texmf-dist/tex/latex/hyperref/hyperref.sty
Package: hyperref 2016/06/24 v6.83q Hypertext links for LaTeX

(/usr/share/texlive/texmf-dist/tex/generic/oberdiek/hobsub-hyperref.sty
Package: hobsub-hyperref 2016/05/16 v1.14 Bundle oberdiek, subset hyperref (HO)


(/usr/share/texlive/texmf-dist/tex/generic/oberdiek/hobsub-generic.sty
Package: hobsub-generic 2016/05/16 v1.14 Bundle oberdiek, subset generic (HO)
Package: hobsub 2016/05/16 v1.14 Construct package bundles (HO)
Package hobsub Info: Skipping package `infwarerr' (already loaded).
Package hobsub Info: Skipping package `ltxcmds' (already loaded).
Package: ifluatex 2016/05/16 v1.4 Provides the ifluatex switch (HO)
Package ifluatex Info: LuaTeX not detected.
Package hobsub Info: Skipping package `ifvtex' (already loaded).
Package: intcalc 2016/05/16 v1.2 Expandable calculations with integers (HO)
Package hobsub Info: Skipping package `ifpdf' (already loaded).
Package: etexcmds 2016/05/16 v1.6 Avoid name clashes with e-TeX commands (HO)
Package etexcmds Info: Could not find \expanded.
(etexcmds)             That can mean that you are not using pdfTeX 1.50 or
(etexcmds)             that some package has redefined \expanded.
(etexcmds)             In the latter case, load this package earlier.
Package: kvsetkeys 2016/05/16 v1.17 Key value parser (HO)
Package: kvdefinekeys 2016/05/16 v1.4 Define keys (HO)
Package: pdftexcmds 2016/05/21 v0.22 Utility functions of pdfTeX for LuaTeX (HO
)
Package pdftexcmds Info: LuaTeX not detected.
Package pdftexcmds Info: \pdf@primitive is available.
Package pdftexcmds Info: \pdf@ifprimitive is available.
Package pdftexcmds Info: \pdfdraftmode found.
Package: pdfescape 2016/05/16 v1.14 Implements pdfTeX's escape features (HO)
Package: bigintcalc 2016/05/16 v1.4 Expandable calculations on big integers (HO
)
Package: bitset 2016/05/16 v1.2 Handle bit-vector datatype (HO)
Package: uniquecounter 2016/05/16 v1.3 Provide unlimited unique counter (HO)
)
Package hobsub Info: Skipping package `hobsub' (already loaded).
Package: letltxmacro 2016/05/16 v1.5 Let assignment for LaTeX macros (HO)
Package: hopatch 2016/05/16 v1.3 Wrapper for package hooks (HO)
Package: xcolor-patch 2016/05/16 xcolor patch
Package: atveryend 2016/05/16 v1.9 Hooks at the very end of document (HO)
Package hobsub Info: Skipping package `atbegshi' (already loaded).
Package: refcount 2016/05/16 v3.5 Data extraction from label references (HO)
Package: hycolor 2016/05/16 v1.8 Color options for hyperref/bookmark (HO)
)
(/usr/share/texlive/texmf-dist/tex/latex/oberdiek/auxhook.sty
Package: auxhook 2016/05/16 v1.4 Hooks for auxiliary files (HO)
)
(/usr/share/texlive/texmf-dist/tex/latex/oberdiek/kvoptions.sty
Package: kvoptions 2016/05/16 v3.12 Key value format for package options (HO)
)
\@linkdim=\dimen164
\Hy@linkcounter=\count119
\Hy@pagecounter=\count120

(/usr/share/texlive/texmf-dist/tex/latex/hyperref/pd1enc.def
File: pd1enc.def 2016/06/24 v6.83q Hyperref: PDFDocEncoding definition (HO)
)
\Hy@SavedSpaceFactor=\count121

(/usr/share/texlive/texmf-dist/tex/latex/latexconfig/hyperref.cfg
File: hyperref.cfg 2002/06/06 v1.2 hyperref configuration of TeXLive
)
Package hyperref Info: Option `bookmarks' set `true' on input line 4362.
Package hyperref Info: Option `bookmarksopen' set `true' on input line 4362.
Package hyperref Info: Option `implicit' set `false' on input line 4362.
Package hyperref Info: Hyper figures OFF on input line 4486.
Package hyperref Info: Link nesting OFF on input line 4491.
Package hyperref Info: Hyper index ON on input line 4494.
Package hyperref Info: Plain pages OFF on input line 4501.
Package hyperref Info: Backreferencing OFF on input line 4506.
Package hyperref Info: Implicit mode OFF; no redefinition of LaTeX internals.
Package hyperref Info: Bookmarks ON on input line 4735.
\c@Hy@tempcnt=\count122

(/usr/share/texlive/texmf-dist/tex/latex/url/url.sty
\Urlmuskip=\muskip10
Package: url 2013/09/16  ver 3.4  Verb mode for urls, etc.
)
LaTeX Info: Redefining \url on input line 5088.
\XeTeXLinkMargin=\dimen165
\Fld@menulength=\count123
\Field@Width=\dimen166
\Fld@charsize=\dimen167
Package hyperref Info: Hyper figures OFF on input line 6342.
Package hyperref Info: Link nesting OFF on input line 6347.
Package hyperref Info: Hyper index ON on input line 6350.
Package hyperref Info: backreferencing OFF on input line 6357.
Package hyperref Info: Link coloring OFF on input line 6362.
Package hyperref Info: Link coloring with OCG OFF on input line 6367.
Package hyperref Info: PDF/A mode OFF on input line 6372.
LaTeX Info: Redefining \ref on input line 6412.
LaTeX Info: Redefining \pageref on input line 6416.
\Hy@abspage=\count124


Package hyperref Message: Stopped early.

)

Package hyperref Message: Driver (autodetected): hpdftex.

(/usr/share/texlive/texmf-dist/tex/latex/hyperref/hpdftex.def
File: hpdftex.def 2016/06/24 v6.83q Hyperref driver for pdfTeX
\Fld@listcount=\count125
\c@bookmark@seq@number=\count126

(/usr/share/texlive/texmf-dist/tex/latex/oberdiek/rerunfilecheck.sty
Package: rerunfilecheck 2016/05/16 v1.8 Rerun checks for auxiliary files (HO)
Package uniquecounter Info: New unique counter `rerunfilecheck' on input line 2
82.
))
(/usr/share/texlive/texmf-dist/tex/latex/beamer/beamerbaserequires.sty
(/usr/share/texlive/texmf-dist/tex/latex/beamer/beamerbasecompatibility.sty)
(/usr/share/texlive/texmf-dist/tex/latex/beamer/beamerbasefont.sty
(/usr/share/texlive/texmf-dist/tex/latex/amsfonts/amssymb.sty
Package: amssymb 2013/01/14 v3.01 AMS font symbols

(/usr/share/texlive/texmf-dist/tex/latex/amsfonts/amsfonts.sty
Package: amsfonts 2013/01/14 v3.01 Basic AMSFonts support
\@emptytoks=\toks26
\symAMSa=\mathgroup4
\symAMSb=\mathgroup5
LaTeX Font Info:    Overwriting math alphabet `\mathfrak' in version `bold'
(Font)                  U/euf/m/n --> U/euf/b/n on input line 106.
))
(/usr/share/texlive/texmf-dist/tex/latex/sansmathaccent/sansmathaccent.sty
Package: sansmathaccent 2013/03/28

(/usr/share/texlive/texmf-dist/tex/latex/filehook/filehook.sty
Package: filehook 2011/10/12 v0.5d Hooks for input files
)))
(/usr/share/texlive/texmf-dist/tex/latex/beamer/beamerbasetranslator.sty
(/usr/share/texlive/texmf-dist/tex/latex/beamer/translator/translator.sty
Package: translator 2010/06/12 ver 1.10

(/usr/share/texlive/texmf-dist/tex/latex/beamer/translator/translator-language-
mappings.tex)))
(/usr/share/texlive/texmf-dist/tex/latex/beamer/beamerbasemisc.sty)
(/usr/share/texlive/texmf-dist/tex/latex/beamer/beamerbasetwoscreens.sty)
(/usr/share/texlive/texmf-dist/tex/latex/beamer/beamerbaseoverlay.sty
\beamer@argscount=\count127
\beamer@lastskipcover=\skip44
\beamer@trivlistdepth=\count128
)
(/usr/share/texlive/texmf-dist/tex/latex/beamer/beamerbasetitle.sty)
(/usr/share/texlive/texmf-dist/tex/latex/beamer/beamerbasesection.sty
\c@lecture=\count129
\c@part=\count130
\c@section=\count131
\c@subsection=\count132
\c@subsubsection=\count133
)
(/usr/share/texlive/texmf-dist/tex/latex/beamer/beamerbaseframe.sty
\beamer@framebox=\box40
\beamer@frametitlebox=\box41
\beamer@zoombox=\box42
\beamer@zoomcount=\count134
\beamer@zoomframecount=\count135
\beamer@frametextheight=\dimen168
\c@subsectionslide=\count136
\beamer@frametopskip=\skip45
\beamer@framebottomskip=\skip46
\beamer@frametopskipautobreak=\skip47
\beamer@framebottomskipautobreak=\skip48
\beamer@envbody=\toks27
\framewidth=\dimen169
\c@framenumber=\count137
)
(/usr/share/texlive/texmf-dist/tex/latex/beamer/beamerbaseverbatim.sty
\beamer@verbatimfileout=\write4
)
(/usr/share/texlive/texmf-dist/tex/latex/beamer/beamerbaseframesize.sty
\beamer@splitbox=\box43
\beamer@autobreakcount=\count138
\beamer@autobreaklastheight=\dimen170
\beamer@frametitletoks=\toks28
\beamer@framesubtitletoks=\toks29
)
(/usr/share/texlive/texmf-dist/tex/latex/beamer/beamerbaseframecomponents.sty
\beamer@footins=\box44
)
(/usr/share/texlive/texmf-dist/tex/latex/beamer/beamerbasecolor.sty)
(/usr/share/texlive/texmf-dist/tex/latex/beamer/beamerbasenotes.sty
\beamer@frameboxcopy=\box45
)
(/usr/share/texlive/texmf-dist/tex/latex/beamer/beamerbasetoc.sty)
(/usr/share/texlive/texmf-dist/tex/latex/beamer/beamerbasetemplates.sty
\beamer@sbttoks=\toks30

(/usr/share/texlive/texmf-dist/tex/latex/beamer/beamerbaseauxtemplates.sty
(/usr/share/texlive/texmf-dist/tex/latex/beamer/beamerbaseboxes.sty
\bmb@box=\box46
\bmb@colorbox=\box47
\bmb@boxshadow=\box48
\bmb@boxshadowball=\box49
\bmb@boxshadowballlarge=\box50
\bmb@temp=\dimen171
\bmb@dima=\dimen172
\bmb@dimb=\dimen173
\bmb@prevheight=\dimen174
)
\beamer@blockheadheight=\dimen175
))
(/usr/share/texlive/texmf-dist/tex/latex/beamer/beamerbaselocalstructure.sty
(/usr/share/texlive/texmf-dist/tex/latex/tools/enumerate.sty
Package: enumerate 2015/07/23 v3.00 enumerate extensions (DPC)
\@enLab=\toks31
)
\c@figure=\count139
\c@table=\count140
\abovecaptionskip=\skip49
\belowcaptionskip=\skip50
)
(/usr/share/texlive/texmf-dist/tex/latex/beamer/beamerbasenavigation.sty
\beamer@section@min@dim=\dimen176
)
(/usr/share/texlive/texmf-dist/tex/latex/beamer/beamerbasetheorems.sty
(/usr/share/texlive/texmf-dist/tex/latex/amsmath/amsmath.sty
Package: amsmath 2016/11/05 v2.16a AMS math features
\@mathmargin=\skip51

For additional information on amsmath, use the `?' option.
(/usr/share/texlive/texmf-dist/tex/latex/amsmath/amstext.sty
Package: amstext 2000/06/29 v2.01 AMS text

(/usr/share/texlive/texmf-dist/tex/latex/amsmath/amsgen.sty
File: amsgen.sty 1999/11/30 v2.0 generic functions
\@emptytoks=\toks32
\ex@=\dimen177
))
(/usr/share/texlive/texmf-dist/tex/latex/amsmath/amsbsy.sty
Package: amsbsy 1999/11/29 v1.2d Bold Symbols
\pmbraise@=\dimen178
)
(/usr/share/texlive/texmf-dist/tex/latex/amsmath/amsopn.sty
Package: amsopn 2016/03/08 v2.02 operator names
)
\inf@bad=\count141
LaTeX Info: Redefining \frac on input line 213.
\uproot@=\count142
\leftroot@=\count143
LaTeX Info: Redefining \overline on input line 375.
\classnum@=\count144
\DOTSCASE@=\count145
LaTeX Info: Redefining \ldots on input line 472.
LaTeX Info: Redefining \dots on input line 475.
LaTeX Info: Redefining \cdots on input line 596.
\Mathstrutbox@=\box51
\strutbox@=\box52
\big@size=\dimen179
LaTeX Font Info:    Redeclaring font encoding OML on input line 712.
LaTeX Font Info:    Redeclaring font encoding OMS on input line 713.
\macc@depth=\count146
\c@MaxMatrixCols=\count147
\dotsspace@=\muskip11
\c@parentequation=\count148
\dspbrk@lvl=\count149
\tag@help=\toks33
\row@=\count150
\column@=\count151
\maxfields@=\count152
\andhelp@=\toks34
\eqnshift@=\dimen180
\alignsep@=\dimen181
\tagshift@=\dimen182
\tagwidth@=\dimen183
\totwidth@=\dimen184
\lineht@=\dimen185
\@envbody=\toks35
\multlinegap=\skip52
\multlinetaggap=\skip53
\mathdisplay@stack=\toks36
LaTeX Info: Redefining \[ on input line 2817.
LaTeX Info: Redefining \] on input line 2818.
)
(/usr/share/texlive/texmf-dist/tex/latex/amscls/amsthm.sty
Package: amsthm 2015/03/04 v2.20.2
\thm@style=\toks37
\thm@bodyfont=\toks38
\thm@headfont=\toks39
\thm@notefont=\toks40
\thm@headpunct=\toks41
\thm@preskip=\skip54
\thm@postskip=\skip55
\thm@headsep=\skip56
\dth@everypar=\toks42
)
\c@theorem=\count153
)
(/usr/share/texlive/texmf-dist/tex/latex/beamer/beamerbasethemes.sty))
(/usr/share/texlive/texmf-dist/tex/latex/beamer/themes/theme/beamerthemedefault
.sty
(/usr/share/texlive/texmf-dist/tex/latex/beamer/themes/font/beamerfontthemedefa
ult.sty)
(/usr/share/texlive/texmf-dist/tex/latex/beamer/themes/color/beamercolorthemede
fault.sty)
(/usr/share/texlive/texmf-dist/tex/latex/beamer/themes/inner/beamerinnerthemede
fault.sty
\beamer@dima=\dimen186
\beamer@dimb=\dimen187
)
(/usr/share/texlive/texmf-dist/tex/latex/beamer/themes/outer/beamerouterthemede
fault.sty)))
(/usr/share/texlive/texmf-dist/tex/latex/beamer/themes/theme/beamerthemeBerkele
y.sty
(/usr/share/texlive/texmf-dist/tex/latex/beamer/themes/outer/beamerouterthemesi
debar.sty
\beamer@sidebarwidth=\dimen188
\beamer@headheight=\dimen189
)
(/usr/share/texlive/texmf-dist/tex/latex/beamer/themes/inner/beamerinnerthemere
ctangles.sty)
(/usr/share/texlive/texmf-dist/tex/latex/beamer/themes/color/beamercolorthemewh
ale.sty)
(/usr/share/texlive/texmf-dist/tex/latex/beamer/themes/color/beamercolorthemeor
chid.sty))
(/usr/share/texlive/texmf-dist/tex/latex/beamer/themes/color/beamercolorthemese
ahorse.sty) (/usr/share/texlive/texmf-dist/tex/latex/base/inputenc.sty
Package: inputenc 2015/03/17 v1.2c Input encoding file
\inpenc@prehook=\toks43
\inpenc@posthook=\toks44

(/usr/share/texlive/texmf-dist/tex/latex/base/utf8.def
File: utf8.def 2017/01/28 v1.1t UTF-8 support for inputenc
Now handling font encoding OML ...
... no UTF-8 mapping file for font encoding OML
Now handling font encoding T1 ...
... processing UTF-8 mapping file for font encoding T1

(/usr/share/texlive/texmf-dist/tex/latex/base/t1enc.dfu
File: t1enc.dfu 2017/01/28 v1.1t UTF-8 support for inputenc
   defining Unicode char U+00A0 (decimal 160)
   defining Unicode char U+00A1 (decimal 161)
   defining Unicode char U+00A3 (decimal 163)
   defining Unicode char U+00AB (decimal 171)
   defining Unicode char U+00AD (decimal 173)
   defining Unicode char U+00BB (decimal 187)
   defining Unicode char U+00BF (decimal 191)
   defining Unicode char U+00C0 (decimal 192)
   defining Unicode char U+00C1 (decimal 193)
   defining Unicode char U+00C2 (decimal 194)
   defining Unicode char U+00C3 (decimal 195)
   defining Unicode char U+00C4 (decimal 196)
   defining Unicode char U+00C5 (decimal 197)
   defining Unicode char U+00C6 (decimal 198)
   defining Unicode char U+00C7 (decimal 199)
   defining Unicode char U+00C8 (decimal 200)
   defining Unicode char U+00C9 (decimal 201)
   defining Unicode char U+00CA (decimal 202)
   defining Unicode char U+00CB (decimal 203)
   defining Unicode char U+00CC (decimal 204)
   defining Unicode char U+00CD (decimal 205)
   defining Unicode char U+00CE (decimal 206)
   defining Unicode char U+00CF (decimal 207)
   defining Unicode char U+00D0 (decimal 208)
   defining Unicode char U+00D1 (decimal 209)
   defining Unicode char U+00D2 (decimal 210)
   defining Unicode char U+00D3 (decimal 211)
   defining Unicode char U+00D4 (decimal 212)
   defining Unicode char U+00D5 (decimal 213)
   defining Unicode char U+00D6 (decimal 214)
   defining Unicode char U+00D8 (decimal 216)
   defining Unicode char U+00D9 (decimal 217)
   defining Unicode char U+00DA (decimal 218)
   defining Unicode char U+00DB (decimal 219)
   defining Unicode char U+00DC (decimal 220)
   defining Unicode char U+00DD (decimal 221)
   defining Unicode char U+00DE (decimal 222)
   defining Unicode char U+00DF (decimal 223)
   defining Unicode char U+00E0 (decimal 224)
   defining Unicode char U+00E1 (decimal 225)
   defining Unicode char U+00E2 (decimal 226)
   defining Unicode char U+00E3 (decimal 227)
   defining Unicode char U+00E4 (decimal 228)
   defining Unicode char U+00E5 (decimal 229)
   defining Unicode char U+00E6 (decimal 230)
   defining Unicode char U+00E7 (decimal 231)
   defining Unicode char U+00E8 (decimal 232)
   defining Unicode char U+00E9 (decimal 233)
   defining Unicode char U+00EA (decimal 234)
   defining Unicode char U+00EB (decimal 235)
   defining Unicode char U+00EC (decimal 236)
   defining Unicode char U+00ED (decimal 237)
   defining Unicode char U+00EE (decimal 238)
   defining Unicode char U+00EF (decimal 239)
   defining Unicode char U+00F0 (decimal 240)
   defining Unicode char U+00F1 (decimal 241)
   defining Unicode char U+00F2 (decimal 242)
   defining Unicode char U+00F3 (decimal 243)
   defining Unicode char U+00F4 (decimal 244)
   defining Unicode char U+00F5 (decimal 245)
   defining Unicode char U+00F6 (decimal 246)
   defining Unicode char U+00F8 (decimal 248)
   defining Unicode char U+00F9 (decimal 249)
   defining Unicode char U+00FA (decimal 250)
   defining Unicode char U+00FB (decimal 251)
   defining Unicode char U+00FC (decimal 252)
   defining Unicode char U+00FD (decimal 253)
   defining Unicode char U+00FE (decimal 254)
   defining Unicode char U+00FF (decimal 255)
   defining Unicode char U+0100 (decimal 256)
   defining Unicode char U+0101 (decimal 257)
   defining Unicode char U+0102 (decimal 258)
   defining Unicode char U+0103 (decimal 259)
   defining Unicode char U+0104 (decimal 260)
   defining Unicode char U+0105 (decimal 261)
   defining Unicode char U+0106 (decimal 262)
   defining Unicode char U+0107 (decimal 263)
   defining Unicode char U+0108 (decimal 264)
   defining Unicode char U+0109 (decimal 265)
   defining Unicode char U+010A (decimal 266)
   defining Unicode char U+010B (decimal 267)
   defining Unicode char U+010C (decimal 268)
   defining Unicode char U+010D (decimal 269)
   defining Unicode char U+010E (decimal 270)
   defining Unicode char U+010F (decimal 271)
   defining Unicode char U+0110 (decimal 272)
   defining Unicode char U+0111 (decimal 273)
   defining Unicode char U+0112 (decimal 274)
   defining Unicode char U+0113 (decimal 275)
   defining Unicode char U+0114 (decimal 276)
   defining Unicode char U+0115 (decimal 277)
   defining Unicode char U+0116 (decimal 278)
   defining Unicode char U+0117 (decimal 279)
   defining Unicode char U+0118 (decimal 280)
   defining Unicode char U+0119 (decimal 281)
   defining Unicode char U+011A (decimal 282)
   defining Unicode char U+011B (decimal 283)
   defining Unicode char U+011C (decimal 284)
   defining Unicode char U+011D (decimal 285)
   defining Unicode char U+011E (decimal 286)
   defining Unicode char U+011F (decimal 287)
   defining Unicode char U+0120 (decimal 288)
   defining Unicode char U+0121 (decimal 289)
   defining Unicode char U+0122 (decimal 290)
   defining Unicode char U+0123 (decimal 291)
   defining Unicode char U+0124 (decimal 292)
   defining Unicode char U+0125 (decimal 293)
   defining Unicode char U+0128 (decimal 296)
   defining Unicode char U+0129 (decimal 297)
   defining Unicode char U+012A (decimal 298)
   defining Unicode char U+012B (decimal 299)
   defining Unicode char U+012C (decimal 300)
   defining Unicode char U+012D (decimal 301)
   defining Unicode char U+012E (decimal 302)
   defining Unicode char U+012F (decimal 303)
   defining Unicode char U+0130 (decimal 304)
   defining Unicode char U+0131 (decimal 305)
   defining Unicode char U+0132 (decimal 306)
   defining Unicode char U+0133 (decimal 307)
   defining Unicode char U+0134 (decimal 308)
   defining Unicode char U+0135 (decimal 309)
   defining Unicode char U+0136 (decimal 310)
   defining Unicode char U+0137 (decimal 311)
   defining Unicode char U+0139 (decimal 313)
   defining Unicode char U+013A (decimal 314)
   defining Unicode char U+013B (decimal 315)
   defining Unicode char U+013C (decimal 316)
   defining Unicode char U+013D (decimal 317)
   defining Unicode char U+013E (decimal 318)
   defining Unicode char U+0141 (decimal 321)
   defining Unicode char U+0142 (decimal 322)
   defining Unicode char U+0143 (decimal 323)
   defining Unicode char U+0144 (decimal 324)
   defining Unicode char U+0145 (decimal 325)
   defining Unicode char U+0146 (decimal 326)
   defining Unicode char U+0147 (decimal 327)
   defining Unicode char U+0148 (decimal 328)
   defining Unicode char U+014A (decimal 330)
   defining Unicode char U+014B (decimal 331)
   defining Unicode char U+014C (decimal 332)
   defining Unicode char U+014D (decimal 333)
   defining Unicode char U+014E (decimal 334)
   defining Unicode char U+014F (decimal 335)
   defining Unicode char U+0150 (decimal 336)
   defining Unicode char U+0151 (decimal 337)
   defining Unicode char U+0152 (decimal 338)
   defining Unicode char U+0153 (decimal 339)
   defining Unicode char U+0154 (decimal 340)
   defining Unicode char U+0155 (decimal 341)
   defining Unicode char U+0156 (decimal 342)
   defining Unicode char U+0157 (decimal 343)
   defining Unicode char U+0158 (decimal 344)
   defining Unicode char U+0159 (decimal 345)
   defining Unicode char U+015A (decimal 346)
   defining Unicode char U+015B (decimal 347)
   defining Unicode char U+015C (decimal 348)
   defining Unicode char U+015D (decimal 349)
   defining Unicode char U+015E (decimal 350)
   defining Unicode char U+015F (decimal 351)
   defining Unicode char U+0160 (decimal 352)
   defining Unicode char U+0161 (decimal 353)
   defining Unicode char U+0162 (decimal 354)
   defining Unicode char U+0163 (decimal 355)
   defining Unicode char U+0164 (decimal 356)
   defining Unicode char U+0165 (decimal 357)
   defining Unicode char U+0168 (decimal 360)
   defining Unicode char U+0169 (decimal 361)
   defining Unicode char U+016A (decimal 362)
   defining Unicode char U+016B (decimal 363)
   defining Unicode char U+016C (decimal 364)
   defining Unicode char U+016D (decimal 365)
   defining Unicode char U+016E (decimal 366)
   defining Unicode char U+016F (decimal 367)
   defining Unicode char U+0170 (decimal 368)
   defining Unicode char U+0171 (decimal 369)
   defining Unicode char U+0172 (decimal 370)
   defining Unicode char U+0173 (decimal 371)
   defining Unicode char U+0174 (decimal 372)
   defining Unicode char U+0175 (decimal 373)
   defining Unicode char U+0176 (decimal 374)
   defining Unicode char U+0177 (decimal 375)
   defining Unicode char U+0178 (decimal 376)
   defining Unicode char U+0179 (decimal 377)
   defining Unicode char U+017A (decimal 378)
   defining Unicode char U+017B (decimal 379)
   defining Unicode char U+017C (decimal 380)
   defining Unicode char U+017D (decimal 381)
   defining Unicode char U+017E (decimal 382)
   defining Unicode char U+01CD (decimal 461)
   defining Unicode char U+01CE (decimal 462)
   defining Unicode char U+01CF (decimal 463)
   defining Unicode char U+01D0 (decimal 464)
   defining Unicode char U+01D1 (decimal 465)
   defining Unicode char U+01D2 (decimal 466)
   defining Unicode char U+01D3 (decimal 467)
   defining Unicode char U+01D4 (decimal 468)
   defining Unicode char U+01E2 (decimal 482)
   defining Unicode char U+01E3 (decimal 483)
   defining Unicode char U+01E6 (decimal 486)
   defining Unicode char U+01E7 (decimal 487)
   defining Unicode char U+01E8 (decimal 488)
   defining Unicode char U+01E9 (decimal 489)
   defining Unicode char U+01EA (decimal 490)
   defining Unicode char U+01EB (decimal 491)
   defining Unicode char U+01F0 (decimal 496)
   defining Unicode char U+01F4 (decimal 500)
   defining Unicode char U+01F5 (decimal 501)
   defining Unicode char U+0218 (decimal 536)
   defining Unicode char U+0219 (decimal 537)
   defining Unicode char U+021A (decimal 538)
   defining Unicode char U+021B (decimal 539)
   defining Unicode char U+0232 (decimal 562)
   defining Unicode char U+0233 (decimal 563)
   defining Unicode char U+1E02 (decimal 7682)
   defining Unicode char U+1E03 (decimal 7683)
   defining Unicode char U+200C (decimal 8204)
   defining Unicode char U+2010 (decimal 8208)
   defining Unicode char U+2011 (decimal 8209)
   defining Unicode char U+2012 (decimal 8210)
   defining Unicode char U+2013 (decimal 8211)
   defining Unicode char U+2014 (decimal 8212)
   defining Unicode char U+2015 (decimal 8213)
   defining Unicode char U+2018 (decimal 8216)
   defining Unicode char U+2019 (decimal 8217)
   defining Unicode char U+201A (decimal 8218)
   defining Unicode char U+201C (decimal 8220)
   defining Unicode char U+201D (decimal 8221)
   defining Unicode char U+201E (decimal 8222)
   defining Unicode char U+2030 (decimal 8240)
   defining Unicode char U+2031 (decimal 8241)
   defining Unicode char U+2039 (decimal 8249)
   defining Unicode char U+203A (decimal 8250)
   defining Unicode char U+2423 (decimal 9251)
   defining Unicode char U+1E20 (decimal 7712)
   defining Unicode char U+1E21 (decimal 7713)
)
Now handling font encoding OT1 ...
... processing UTF-8 mapping file for font encoding OT1

(/usr/share/texlive/texmf-dist/tex/latex/base/ot1enc.dfu
File: ot1enc.dfu 2017/01/28 v1.1t UTF-8 support for inputenc
   defining Unicode char U+00A0 (decimal 160)
   defining Unicode char U+00A1 (decimal 161)
   defining Unicode char U+00A3 (decimal 163)
   defining Unicode char U+00AD (decimal 173)
   defining Unicode char U+00B8 (decimal 184)
   defining Unicode char U+00BF (decimal 191)
   defining Unicode char U+00C5 (decimal 197)
   defining Unicode char U+00C6 (decimal 198)
   defining Unicode char U+00D8 (decimal 216)
   defining Unicode char U+00DF (decimal 223)
   defining Unicode char U+00E6 (decimal 230)
   defining Unicode char U+00EC (decimal 236)
   defining Unicode char U+00ED (decimal 237)
   defining Unicode char U+00EE (decimal 238)
   defining Unicode char U+00EF (decimal 239)
   defining Unicode char U+00F8 (decimal 248)
   defining Unicode char U+0131 (decimal 305)
   defining Unicode char U+0141 (decimal 321)
   defining Unicode char U+0142 (decimal 322)
   defining Unicode char U+0152 (decimal 338)
   defining Unicode char U+0153 (decimal 339)
   defining Unicode char U+0174 (decimal 372)
   defining Unicode char U+0175 (decimal 373)
   defining Unicode char U+0176 (decimal 374)
   defining Unicode char U+0177 (decimal 375)
   defining Unicode char U+0218 (decimal 536)
   defining Unicode char U+0219 (decimal 537)
   defining Unicode char U+021A (decimal 538)
   defining Unicode char U+021B (decimal 539)
   defining Unicode char U+2013 (decimal 8211)
   defining Unicode char U+2014 (decimal 8212)
   defining Unicode char U+2018 (decimal 8216)
   defining Unicode char U+2019 (decimal 8217)
   defining Unicode char U+201C (decimal 8220)
   defining Unicode char U+201D (decimal 8221)
)
Now handling font encoding OMS ...
... processing UTF-8 mapping file for font encoding OMS

(/usr/share/texlive/texmf-dist/tex/latex/base/omsenc.dfu
File: omsenc.dfu 2017/01/28 v1.1t UTF-8 support for inputenc
   defining Unicode char U+00A7 (decimal 167)
   defining Unicode char U+00B6 (decimal 182)
   defining Unicode char U+00B7 (decimal 183)
   defining Unicode char U+2020 (decimal 8224)
   defining Unicode char U+2021 (decimal 8225)
   defining Unicode char U+2022 (decimal 8226)
)
Now handling font encoding OMX ...
... no UTF-8 mapping file for font encoding OMX
Now handling font encoding U ...
... no UTF-8 mapping file for font encoding U
Now handling font encoding PD1 ...
... no UTF-8 mapping file for font encoding PD1
   defining Unicode char U+00A9 (decimal 169)
   defining Unicode char U+00AA (decimal 170)
   defining Unicode char U+00AE (decimal 174)
   defining Unicode char U+00BA (decimal 186)
   defining Unicode char U+02C6 (decimal 710)
   defining Unicode char U+02DC (decimal 732)
   defining Unicode char U+200C (decimal 8204)
   defining Unicode char U+2026 (decimal 8230)
   defining Unicode char U+2122 (decimal 8482)
   defining Unicode char U+2423 (decimal 9251)
))
(/usr/share/texlive/texmf-dist/tex/generic/babel/babel.sty
Package: babel 2016/04/23 3.9r The Babel package

(/usr/share/texlive/texmf-dist/tex/generic/babel-english/english.ldf
Language: english 2012/08/20 v3.3p English support from the babel system

(/usr/share/texlive/texmf-dist/tex/generic/babel/babel.def
File: babel.def 2016/04/23 3.9r Babel common definitions
\babel@savecnt=\count154
\U@D=\dimen190
LaTeX Info: Redefining \textlatin on input line 1448.
)
\l@canadian = a dialect from \language\l@american 
\l@australian = a dialect from \language\l@british 
\l@newzealand = a dialect from \language\l@british 
))
(/usr/share/texlive/texmf-dist/tex/latex/beamer/multimedia/multimedia.sty
Package: multimedia 2012/05/02 ver 0.02
\mm@movie=\count155
)
(/usr/share/texlive/texmf-dist/tex/latex/tools/multicol.sty
Package: multicol 2016/04/07 v1.8p multicolumn formatting (FMi)
\c@tracingmulticols=\count156
\mult@box=\box53
\multicol@leftmargin=\dimen191
\c@unbalance=\count157
\c@collectmore=\count158
\doublecol@number=\count159
\multicoltolerance=\count160
\multicolpretolerance=\count161
\full@width=\dimen192
\page@free=\dimen193
\premulticols=\dimen194
\postmulticols=\dimen195
\multicolsep=\skip57
\multicolbaselineskip=\skip58
\partial@page=\box54
\last@line=\box55
\maxbalancingoverflow=\dimen196
\mult@rightbox=\box56
\mult@grightbox=\box57
\mult@gfirstbox=\box58
\mult@firstbox=\box59
\@tempa=\box60
\@tempa=\box61
\@tempa=\box62
\@tempa=\box63
\@tempa=\box64
\@tempa=\box65
\@tempa=\box66
\@tempa=\box67
\@tempa=\box68
\@tempa=\box69
\@tempa=\box70
\@tempa=\box71
\@tempa=\box72
\@tempa=\box73
\@tempa=\box74
\@tempa=\box75
\@tempa=\box76
\c@columnbadness=\count162
\c@finalcolumnbadness=\count163
\last@try=\dimen197
\multicolovershoot=\dimen198
\multicolundershoot=\dimen199
\mult@nat@firstbox=\box77
\colbreak@box=\box78
\mc@col@check@num=\count164
)
(/usr/share/texlive/texmf-dist/tex/latex/siunitx/siunitx.sty
(/usr/share/texlive/texmf-dist/tex/latex/l3kernel/expl3.sty
Package: expl3 2016/11/21 v6760 L3 programming layer (loader) 

(/usr/share/texlive/texmf-dist/tex/latex/l3kernel/expl3-code.tex
Package: expl3 2016/11/21 v6760 L3 programming layer (code)
L3 Module: l3bootstrap 2016/06/13 v6596 L3 Bootstrap code
L3 Module: l3names 2016/10/13 v6722 L3 Namespace for primitives
L3 Module: l3basics 2016/09/01 v6696 L3 Basic definitions
L3 Module: l3expan 2016/08/19 v6684 L3 Argument expansion
L3 Module: l3tl 2016/08/19 v6692 L3 Token lists
L3 Module: l3str 2016/08/19 v6692 L3 Strings
L3 Module: l3seq 2016/08/19 v6685 L3 Sequences and stacks
L3 Module: l3int 2016/09/07 v6700 L3 Integers
\c_max_int=\count165
\l_tmpa_int=\count166
\l_tmpb_int=\count167
\g_tmpa_int=\count168
\g_tmpb_int=\count169
L3 Module: l3quark 2016/08/19 v6685 L3 Quarks
L3 Module: l3prg 2016/08/18 v6679 L3 Control structures
\g__prg_map_int=\count170
L3 Module: l3clist 2016/08/19 v6685 L3 Comma separated lists
L3 Module: l3token 2016/09/01 v6695 L3 Experimental token manipulation
L3 Module: l3prop 2016/08/19 v6685 L3 Property lists
L3 Module: l3msg 2016/08/19 v6691 L3 Messages
L3 Module: l3file 2016/08/19 v6685 L3 File and I/O operations
\l_iow_line_count_int=\count171
\l__iow_target_count_int=\count172
\l__iow_current_line_int=\count173
\l__iow_current_word_int=\count174
\l__iow_current_indentation_int=\count175
L3 Module: l3skip 2016/08/19 v6692 L3 Dimensions and skips
\c_zero_dim=\dimen256
\c_max_dim=\dimen257
\l_tmpa_dim=\dimen258
\l_tmpb_dim=\dimen259
\g_tmpa_dim=\dimen260
\g_tmpb_dim=\dimen261
\c_zero_skip=\skip59
\c_max_skip=\skip60
\l_tmpa_skip=\skip61
\l_tmpb_skip=\skip62
\g_tmpa_skip=\skip63
\g_tmpb_skip=\skip64
\c_zero_muskip=\muskip12
\c_max_muskip=\muskip13
\l_tmpa_muskip=\muskip14
\l_tmpb_muskip=\muskip15
\g_tmpa_muskip=\muskip16
\g_tmpb_muskip=\muskip17
L3 Module: l3keys 2016/09/21 v6711 L3 Key-value interfaces
\l_keys_choice_int=\count176
L3 Module: l3fp 2016/11/21 v6761 L3 Floating points
\c__fp_leading_shift_int=\count177
\c__fp_middle_shift_int=\count178
\c__fp_trailing_shift_int=\count179
\c__fp_big_leading_shift_int=\count180
\c__fp_big_middle_shift_int=\count181
\c__fp_big_trailing_shift_int=\count182
\c__fp_Bigg_leading_shift_int=\count183
\c__fp_Bigg_middle_shift_int=\count184
\c__fp_Bigg_trailing_shift_int=\count185
L3 Module: l3box 2016/08/19 v6685 L3 Experimental boxes
\c_empty_box=\box79
\l_tmpa_box=\box80
\l_tmpb_box=\box81
\g_tmpa_box=\box82
\g_tmpb_box=\box83
L3 Module: l3coffins 2016/08/19 v6685 L3 Coffin code layer
\l__coffin_internal_box=\box84
\l__coffin_internal_dim=\dimen262
\l__coffin_offset_x_dim=\dimen263
\l__coffin_offset_y_dim=\dimen264
\l__coffin_x_dim=\dimen265
\l__coffin_y_dim=\dimen266
\l__coffin_x_prime_dim=\dimen267
\l__coffin_y_prime_dim=\dimen268
\c_empty_coffin=\box85
\l__coffin_aligned_coffin=\box86
\l__coffin_aligned_internal_coffin=\box87
\l_tmpa_coffin=\box88
\l_tmpb_coffin=\box89
\l__coffin_display_coffin=\box90
\l__coffin_display_coord_coffin=\box91
\l__coffin_display_pole_coffin=\box92
\l__coffin_display_offset_dim=\dimen269
\l__coffin_display_x_dim=\dimen270
\l__coffin_display_y_dim=\dimen271
L3 Module: l3color 2016/06/13 v6596 L3 Experimental color support
L3 Module: l3sys 2015/09/25 v6087 L3 Experimental system/runtime functions
L3 Module: l3candidates 2016/08/19 v6688 L3 Experimental additions to l3kernel
\l__box_top_dim=\dimen272
\l__box_bottom_dim=\dimen273
\l__box_left_dim=\dimen274
\l__box_right_dim=\dimen275
\l__box_top_new_dim=\dimen276
\l__box_bottom_new_dim=\dimen277
\l__box_left_new_dim=\dimen278
\l__box_right_new_dim=\dimen279
\l__box_internal_box=\box93
\l__coffin_bounding_shift_dim=\dimen280
\l__coffin_left_corner_dim=\dimen281
\l__coffin_right_corner_dim=\dimen282
\l__coffin_bottom_corner_dim=\dimen283
\l__coffin_top_corner_dim=\dimen284
\l__coffin_scaled_total_height_dim=\dimen285
\l__coffin_scaled_width_dim=\dimen286
L3 Module: l3luatex 2016/08/18 v6679 L3 Experimental LuaTeX-specific functions
)
(/usr/share/texlive/texmf-dist/tex/latex/l3kernel/l3pdfmode.def
File: l3pdfmode.def 2016/08/18 v6679 L3 Experimental driver: PDF mode
\l__driver_color_stack_int=\count186
\l__driver_tmp_box=\box94
))
(/usr/share/texlive/texmf-dist/tex/latex/l3packages/xparse/xparse.sty
Package: xparse 2016/11/21 v6760 L3 Experimental document command parser
\l__xparse_current_arg_int=\count187
\l__xparse_m_args_int=\count188
\l__xparse_mandatory_args_int=\count189
\l__xparse_processor_int=\count190
\l__xparse_v_nesting_int=\count191
)
Package: siunitx 2017/01/01 v2.7a A comprehensive (SI) units package

(/usr/share/texlive/texmf-dist/tex/latex/tools/array.sty
Package: array 2016/10/06 v2.4d Tabular extension package (FMi)
\col@sep=\dimen287
\extrarowheight=\dimen288
\NC@list=\toks45
\extratabsurround=\skip65
\backup@length=\skip66
)
(/usr/share/texlive/texmf-dist/tex/latex/l3packages/l3keys2e/l3keys2e.sty
Package: l3keys2e 2016/11/21 v6760 LaTeX2e option processing using LaTeX3 keys
)
\l__siunitx_tmp_box=\box95
\l__siunitx_tmp_dim=\dimen289
\l__siunitx_tmp_int=\count192
\l__siunitx_number_mantissa_length_int=\count193
\l__siunitx_number_uncert_length_int=\count194
\l__siunitx_round_int=\count195
\l__siunitx_process_decimal_int=\count196
\l__siunitx_process_uncertainty_int=\count197
\l__siunitx_process_fixed_int=\count198
\l__siunitx_process_integer_min_int=\count199
\l__siunitx_process_precision_int=\count266
\l__siunitx_group_min_int=\count267
\l__siunitx_angle_marker_box=\box96
\l__siunitx_angle_unit_box=\box97
\l__siunitx_angle_marker_dim=\dimen290
\l__siunitx_angle_unit_dim=\dimen291
\l__siunitx_unit_int=\count268
\l__siunitx_unit_denominator_int=\count269
\l__siunitx_unit_numerator_int=\count270
\l__siunitx_unit_prefix_int=\count271
\l__siunitx_unit_prefix_base_int=\count272
\l__siunitx_unit_prefix_gram_int=\count273
\l__siunitx_number_product_int=\count274
\c__siunitx_one_fill_skip=\skip67
\l__siunitx_table_unit_align_skip=\skip68
\l__siunitx_table_exponent_dim=\dimen292
\l__siunitx_table_integer_dim=\dimen293
\l__siunitx_table_mantissa_dim=\dimen294
\l__siunitx_table_marker_dim=\dimen295
\l__siunitx_table_result_dim=\dimen296
\l__siunitx_table_uncert_dim=\dimen297
\l__siunitx_table_fill_pre_dim=\dimen298
\l__siunitx_table_fill_post_dim=\dimen299
\l__siunitx_table_fill_mid_dim=\dimen300
\l__siunitx_table_pre_box=\box98
\l__siunitx_table_post_box=\box99
\l__siunitx_table_mantissa_box=\box100
\l__siunitx_table_result_box=\box101
\l__siunitx_table_number_align_skip=\skip69
\l__siunitx_table_text_align_skip=\skip70
.................................................
. LaTeX info: "xparse/define-command"
. 
. Defining command \DeclareBinaryPrefix with sig. 'mmm' on line 7249.
.................................................
.................................................
. LaTeX info: "xparse/define-command"
. 
. Defining command \DeclareSIPostPower with sig. 'mm' on line 7252.
.................................................
.................................................
. LaTeX info: "xparse/define-command"
. 
. Defining command \DeclareSIPrefix with sig. 'mmm' on line 7255.
.................................................
.................................................
. LaTeX info: "xparse/define-command"
. 
. Defining command \DeclareSIPrePower with sig. 'mm' on line 7258.
.................................................
.................................................
. LaTeX info: "xparse/define-command"
. 
. Defining command \DeclareSIQualifier with sig. 'mm' on line 7261.
.................................................
.................................................
. LaTeX info: "xparse/define-command"
. 
. Defining command \DeclareSIUnit with sig. 'O{}mm' on line 7264.
.................................................
.................................................
. LaTeX info: "xparse/define-command"
. 
. Defining command \DeclareSIUnitWithOptions with sig. 'mmm' on line 7267.
.................................................
.................................................
. LaTeX info: "xparse/define-command"
. 
. Defining command \ang with sig. 'o>{\SplitArgument {2}{;}}m' on line 7282.
.................................................
.................................................
. LaTeX info: "xparse/define-command"
. 
. Defining command \num with sig. 'om' on line 7291.
.................................................
.................................................
. LaTeX info: "xparse/define-command"
. 
. Defining command \numlist with sig. 'o>{\SplitList {;}}m' on line 7300.
.................................................
.................................................
. LaTeX info: "xparse/define-command"
. 
. Defining command \numrange with sig. 'omm' on line 7309.
.................................................
.................................................
. LaTeX info: "xparse/define-command"
. 
. Defining command \SIlist with sig. 'o>{\SplitList {;}}mm' on line 7321.
.................................................
.................................................
. LaTeX info: "xparse/define-command"
. 
. Defining command \SIrange with sig. 'ommm' on line 7333.
.................................................
.................................................
. LaTeX info: "xparse/define-command"
. 
. Defining command \SI with sig. 'omom' on line 7345.
.................................................
.................................................
. LaTeX info: "xparse/define-command"
. 
. Defining command \sisetup with sig. 'm' on line 7348.
.................................................
.................................................
. LaTeX info: "xparse/define-command"
. 
. Defining command \tablenum with sig. 'om' on line 7363.
.................................................
.................................................
. LaTeX info: "xparse/define-command"
. 
. Defining command \si with sig. 'om' on line 7375.
.................................................
.................................................
. LaTeX info: "xparse/define-command"
. 
. Defining command \__siunitx_bookmark_num:w with sig. 'om' on line 7422.
.................................................
.................................................
. LaTeX info: "xparse/define-command"
. 
. Defining command \__siunitx_bookmark_numrange:w with sig. 'omm' on line
. 7424.
.................................................
.................................................
. LaTeX info: "xparse/define-command"
. 
. Defining command \__siunitx_bookmark_SI:w with sig. 'omom' on line 7426.
.................................................
.................................................
. LaTeX info: "xparse/define-command"
. 
. Defining command \__siunitx_bookmark_SIlist:w with sig. 'omm' on line 7428.
.................................................
.................................................
. LaTeX info: "xparse/define-command"
. 
. Defining command \__siunitx_bookmark_SIrange:w with sig. 'ommm' on line
. 7430.
.................................................
.................................................
. LaTeX info: "xparse/define-command"
. 
. Defining command \__siunitx_bookmark_si:w with sig. 'om' on line 7431.
.................................................
\g__file_internal_ior=\read2
)
(./PresMSC.aux)
\openout1 = `PresMSC.aux'.

LaTeX Font Info:    Checking defaults for OML/cmm/m/it on input line 22.
LaTeX Font Info:    ... okay on input line 22.
LaTeX Font Info:    Checking defaults for T1/cmr/m/n on input line 22.
LaTeX Font Info:    ... okay on input line 22.
LaTeX Font Info:    Checking defaults for OT1/cmr/m/n on input line 22.
LaTeX Font Info:    ... okay on input line 22.
LaTeX Font Info:    Checking defaults for OMS/cmsy/m/n on input line 22.
LaTeX Font Info:    ... okay on input line 22.
LaTeX Font Info:    Checking defaults for OMX/cmex/m/n on input line 22.
LaTeX Font Info:    ... okay on input line 22.
LaTeX Font Info:    Checking defaults for U/cmr/m/n on input line 22.
LaTeX Font Info:    ... okay on input line 22.
LaTeX Font Info:    Checking defaults for PD1/pdf/m/n on input line 22.
LaTeX Font Info:    ... okay on input line 22.

*geometry* driver: auto-detecting
*geometry* detected driver: pdftex
*geometry* verbose mode - [ preamble ] result:
* driver: pdftex
* paper: custom
* layout: <same size as paper>
* layoutoffset:(h,v)=(0.0pt,0.0pt)
* modes: includehead includefoot 
* h-part:(L,W,R)=(69.22636pt, 280.74263pt, 14.22636pt)
* v-part:(T,H,B)=(0.0pt, 273.14662pt, 0.0pt)
* \paperwidth=364.19536pt
* \paperheight=273.14662pt
* \textwidth=280.74263pt
* \textheight=244.6939pt
* \oddsidemargin=-3.04362pt
* \evensidemargin=-3.04362pt
* \topmargin=-72.26999pt
* \headheight=14.22636pt
* \headsep=0.0pt
* \topskip=12.0pt
* \footskip=14.22636pt
* \marginparwidth=4.0pt
* \marginparsep=10.0pt
* \columnsep=10.0pt
* \skip\footins=10.8pt plus 4.0pt minus 2.0pt
* \hoffset=0.0pt
* \voffset=0.0pt
* \mag=1000
* \@twocolumnfalse
* \@twosidefalse
* \@mparswitchfalse
* \@reversemarginfalse
* (1in=72.27pt=25.4mm, 1cm=28.453pt)

(/usr/share/texlive/texmf-dist/tex/context/base/mkii/supp-pdf.mkii
[Loading MPS to PDF converter (version 2006.09.02).]
\scratchcounter=\count275
\scratchdimen=\dimen301
\scratchbox=\box102
\nofMPsegments=\count276
\nofMParguments=\count277
\everyMPshowfont=\toks46
\MPscratchCnt=\count278
\MPscratchDim=\dimen302
\MPnumerator=\count279
\makeMPintoPDFobject=\count280
\everyMPtoPDFconversion=\toks47
) (/usr/share/texlive/texmf-dist/tex/latex/oberdiek/epstopdf-base.sty
Package: epstopdf-base 2016/05/15 v2.6 Base part for package epstopdf

(/usr/share/texlive/texmf-dist/tex/latex/oberdiek/grfext.sty
Package: grfext 2016/05/16 v1.2 Manage graphics extensions (HO)
)
Package epstopdf-base Info: Redefining graphics rule for `.eps' on input line 4
38.
Package grfext Info: Graphics extension search list:
(grfext)             [.png,.pdf,.jpg,.mps,.jpeg,.jbig2,.jb2,.PNG,.PDF,.JPG,.JPE
G,.JBIG2,.JB2,.eps]
(grfext)             \AppendGraphicsExtensions on input line 456.

(/usr/share/texlive/texmf-dist/tex/latex/latexconfig/epstopdf-sys.cfg
File: epstopdf-sys.cfg 2010/07/13 v1.3 Configuration of (r)epstopdf for TeX Liv
e
))
ABD: EveryShipout initializing macros
\AtBeginShipoutBox=\box103
Package hyperref Info: Link coloring OFF on input line 22.

(/usr/share/texlive/texmf-dist/tex/latex/hyperref/nameref.sty
Package: nameref 2016/05/21 v2.44 Cross-referencing by name of section

(/usr/share/texlive/texmf-dist/tex/generic/oberdiek/gettitlestring.sty
Package: gettitlestring 2016/05/16 v1.5 Cleanup title references (HO)
)
\c@section@level=\count281
)
LaTeX Info: Redefining \ref on input line 22.
LaTeX Info: Redefining \pageref on input line 22.
LaTeX Info: Redefining \nameref on input line 22.

(./PresMSC.out) (./PresMSC.out)
\@outlinefile=\write5
\openout5 = `PresMSC.out'.

LaTeX Font Info:    Overwriting symbol font `operators' in version `normal'
(Font)                  OT1/cmr/m/n --> OT1/cmss/m/n on input line 22.
LaTeX Font Info:    Overwriting symbol font `operators' in version `bold'
(Font)                  OT1/cmr/bx/n --> OT1/cmss/bx/n on input line 22.
\symnumbers=\mathgroup6
\sympureletters=\mathgroup7
LaTeX Font Info:    Overwriting math alphabet `\mathrm' in version `normal'
(Font)                  OT1/cmss/m/n --> OT1/cmr/m/n on input line 22.
LaTeX Font Info:    Redeclaring math alphabet \mathbf on input line 22.
LaTeX Font Info:    Overwriting math alphabet `\mathbf' in version `normal'
(Font)                  OT1/cmr/bx/n --> OT1/cmss/bx/n on input line 22.
LaTeX Font Info:    Overwriting math alphabet `\mathbf' in version `bold'
(Font)                  OT1/cmr/bx/n --> OT1/cmss/bx/n on input line 22.
LaTeX Font Info:    Redeclaring math alphabet \mathsf on input line 22.
LaTeX Font Info:    Overwriting math alphabet `\mathsf' in version `normal'
(Font)                  OT1/cmss/m/n --> OT1/cmss/m/n on input line 22.
LaTeX Font Info:    Overwriting math alphabet `\mathsf' in version `bold'
(Font)                  OT1/cmss/bx/n --> OT1/cmss/m/n on input line 22.
LaTeX Font Info:    Redeclaring math alphabet \mathit on input line 22.
LaTeX Font Info:    Overwriting math alphabet `\mathit' in version `normal'
(Font)                  OT1/cmr/m/it --> OT1/cmss/m/it on input line 22.
LaTeX Font Info:    Overwriting math alphabet `\mathit' in version `bold'
(Font)                  OT1/cmr/bx/it --> OT1/cmss/m/it on input line 22.
LaTeX Font Info:    Redeclaring math alphabet \mathtt on input line 22.
LaTeX Font Info:    Overwriting math alphabet `\mathtt' in version `normal'
(Font)                  OT1/cmtt/m/n --> OT1/cmtt/m/n on input line 22.
LaTeX Font Info:    Overwriting math alphabet `\mathtt' in version `bold'
(Font)                  OT1/cmtt/m/n --> OT1/cmtt/m/n on input line 22.
LaTeX Font Info:    Overwriting symbol font `numbers' in version `bold'
(Font)                  OT1/cmss/m/n --> OT1/cmss/bx/n on input line 22.
LaTeX Font Info:    Overwriting symbol font `pureletters' in version `bold'
(Font)                  OT1/cmss/m/it --> OT1/cmss/bx/it on input line 22.
LaTeX Font Info:    Overwriting math alphabet `\mathrm' in version `bold'
(Font)                  OT1/cmss/bx/n --> OT1/cmr/bx/n on input line 22.
LaTeX Font Info:    Overwriting math alphabet `\mathbf' in version `bold'
(Font)                  OT1/cmss/bx/n --> OT1/cmss/bx/n on input line 22.
LaTeX Font Info:    Overwriting math alphabet `\mathsf' in version `bold'
(Font)                  OT1/cmss/m/n --> OT1/cmss/bx/n on input line 22.
LaTeX Font Info:    Overwriting math alphabet `\mathit' in version `bold'
(Font)                  OT1/cmss/m/it --> OT1/cmss/bx/it on input line 22.
LaTeX Font Info:    Overwriting math alphabet `\mathtt' in version `bold'
(Font)                  OT1/cmtt/m/n --> OT1/cmtt/bx/n on input line 22.
LaTeX Font Info:    Redeclaring symbol font `pureletters' on input line 22.
LaTeX Font Info:    Overwriting symbol font `pureletters' in version `normal'
(Font)                  OT1/cmss/m/it --> OT1/mathkerncmss/m/sl on input line 2
2.
LaTeX Font Info:    Overwriting symbol font `pureletters' in version `bold'
(Font)                  OT1/cmss/bx/it --> OT1/mathkerncmss/m/sl on input line 
22.
LaTeX Font Info:    Overwriting symbol font `pureletters' in version `bold'
(Font)                  OT1/mathkerncmss/m/sl --> OT1/mathkerncmss/bx/sl on inp
ut line 22.

(/usr/share/texlive/texmf-dist/tex/latex/beamer/translator/dicts/translator-bas
ic-dictionary/translator-basic-dictionary-English.dict
Dictionary: translator-basic-dictionary, Language: English 
)
(/usr/share/texlive/texmf-dist/tex/latex/beamer/translator/dicts/translator-bib
liography-dictionary/translator-bibliography-dictionary-English.dict
Dictionary: translator-bibliography-dictionary, Language: English 
)
(/usr/share/texlive/texmf-dist/tex/latex/beamer/translator/dicts/translator-env
ironment-dictionary/translator-environment-dictionary-English.dict
Dictionary: translator-environment-dictionary, Language: English 
)
(/usr/share/texlive/texmf-dist/tex/latex/beamer/translator/dicts/translator-mon
ths-dictionary/translator-months-dictionary-English.dict
Dictionary: translator-months-dictionary, Language: English 
)
(/usr/share/texlive/texmf-dist/tex/latex/beamer/translator/dicts/translator-num
bers-dictionary/translator-numbers-dictionary-English.dict
Dictionary: translator-numbers-dictionary, Language: English 
)
(/usr/share/texlive/texmf-dist/tex/latex/beamer/translator/dicts/translator-the
orem-dictionary/translator-theorem-dictionary-English.dict
Dictionary: translator-theorem-dictionary, Language: English 
)
LaTeX Info: Redefining \includegraphics on input line 22.
Now handling font encoding TS1 ...
... processing UTF-8 mapping file for font encoding TS1

(/usr/share/texlive/texmf-dist/tex/latex/base/ts1enc.dfu
File: ts1enc.dfu 2017/01/28 v1.1t UTF-8 support for inputenc
   defining Unicode char U+00A2 (decimal 162)
   defining Unicode char U+00A3 (decimal 163)
   defining Unicode char U+00A4 (decimal 164)
   defining Unicode char U+00A5 (decimal 165)
   defining Unicode char U+00A6 (decimal 166)
   defining Unicode char U+00A7 (decimal 167)
   defining Unicode char U+00A8 (decimal 168)
   defining Unicode char U+00A9 (decimal 169)
   defining Unicode char U+00AA (decimal 170)
   defining Unicode char U+00AC (decimal 172)
   defining Unicode char U+00AE (decimal 174)
   defining Unicode char U+00AF (decimal 175)
   defining Unicode char U+00B0 (decimal 176)
   defining Unicode char U+00B1 (decimal 177)
   defining Unicode char U+00B2 (decimal 178)
   defining Unicode char U+00B3 (decimal 179)
   defining Unicode char U+00B4 (decimal 180)
   defining Unicode char U+00B5 (decimal 181)
   defining Unicode char U+00B6 (decimal 182)
   defining Unicode char U+00B7 (decimal 183)
   defining Unicode char U+00B9 (decimal 185)
   defining Unicode char U+00BA (decimal 186)
   defining Unicode char U+00BC (decimal 188)
   defining Unicode char U+00BD (decimal 189)
   defining Unicode char U+00BE (decimal 190)
   defining Unicode char U+00D7 (decimal 215)
   defining Unicode char U+00F7 (decimal 247)
   defining Unicode char U+0192 (decimal 402)
   defining Unicode char U+02C7 (decimal 711)
   defining Unicode char U+02D8 (decimal 728)
   defining Unicode char U+02DD (decimal 733)
   defining Unicode char U+0E3F (decimal 3647)
   defining Unicode char U+2016 (decimal 8214)
   defining Unicode char U+2020 (decimal 8224)
   defining Unicode char U+2021 (decimal 8225)
   defining Unicode char U+2022 (decimal 8226)
   defining Unicode char U+2030 (decimal 8240)
   defining Unicode char U+2031 (decimal 8241)
   defining Unicode char U+203B (decimal 8251)
   defining Unicode char U+203D (decimal 8253)
   defining Unicode char U+2044 (decimal 8260)
   defining Unicode char U+204E (decimal 8270)
   defining Unicode char U+2052 (decimal 8274)
   defining Unicode char U+20A1 (decimal 8353)
   defining Unicode char U+20A4 (decimal 8356)
   defining Unicode char U+20A6 (decimal 8358)
   defining Unicode char U+20A9 (decimal 8361)
   defining Unicode char U+20AB (decimal 8363)
   defining Unicode char U+20AC (decimal 8364)
   defining Unicode char U+20B1 (decimal 8369)
   defining Unicode char U+2103 (decimal 8451)
   defining Unicode char U+2116 (decimal 8470)
   defining Unicode char U+2117 (decimal 8471)
   defining Unicode char U+211E (decimal 8478)
   defining Unicode char U+2120 (decimal 8480)
   defining Unicode char U+2122 (decimal 8482)
   defining Unicode char U+2126 (decimal 8486)
   defining Unicode char U+2127 (decimal 8487)
   defining Unicode char U+212E (decimal 8494)
   defining Unicode char U+2190 (decimal 8592)
   defining Unicode char U+2191 (decimal 8593)
   defining Unicode char U+2192 (decimal 8594)
   defining Unicode char U+2193 (decimal 8595)
   defining Unicode char U+2329 (decimal 9001)
   defining Unicode char U+232A (decimal 9002)
   defining Unicode char U+2422 (decimal 9250)
   defining Unicode char U+25E6 (decimal 9702)
   defining Unicode char U+25EF (decimal 9711)
   defining Unicode char U+266A (decimal 9834)
)
(/usr/share/texlive/texmf-dist/tex/latex/siunitx/siunitx-abbreviations.cfg
File: siunitx-abbreviations.cfg 2017/01/01 v2.7a siunitx: Abbreviated units
)
(./PresMSC.nav) <logo_msc.jpg, id=82, 71.26625pt x 52.195pt>
File: logo_msc.jpg Graphic file (type jpg)

<use logo_msc.jpg>
Package pdftex.def Info: logo_msc.jpg used on input line 22.
(pdftex.def)             Requested size: 27.19453pt x 19.91684pt.
 <logoDiderot.png, id=83, 150.5625pt x 160.6pt>
File: logoDiderot.png Graphic file (type png)

<use logoDiderot.png>
Package pdftex.def Info: logoDiderot.png used on input line 22.
(pdftex.def)             Requested size: 18.67093pt x 19.91684pt.
\c__siunitx_mathsf_int=\count282
LaTeX Font Info:    Try loading font information for U+msa on input line 22.
 (/usr/share/texlive/texmf-dist/tex/latex/amsfonts/umsa.fd
File: umsa.fd 2013/01/14 v3.01 AMS symbols A
)
LaTeX Font Info:    Try loading font information for U+msb on input line 22.
 (/usr/share/texlive/texmf-dist/tex/latex/amsfonts/umsb.fd
File: umsb.fd 2013/01/14 v3.01 AMS symbols B
)
LaTeX Font Info:    Try loading font information for OT1+mathkerncmss on input 
line 22.

(/usr/share/texlive/texmf-dist/tex/latex/sansmathaccent/ot1mathkerncmss.fd
File: ot1mathkerncmss.fd 2013/03/27 Fontinst v1.933 font definitions for OT1/ma
thkerncmss.
)
\c__siunitx_mathtt_int=\count283


LaTeX Font Warning: Font shape `OT1/cmss/m/n' in size <4> not available
(Font)              size <5> substituted on input line 26.

LaTeX Font Info:    Calculating math sizes for size <4> on input line 26.

LaTeX Font Warning: Font shape `OT1/cmss/m/n' in size <2.79999> not available
(Font)              size <5> substituted on input line 26.


LaTeX Font Warning: Font shape `OT1/cmss/m/n' in size <2> not available
(Font)              size <5> substituted on input line 26.


LaTeX Font Warning: Font shape `OML/cmm/m/it' in size <4> not available
(Font)              size <5> substituted on input line 26.


LaTeX Font Warning: Font shape `OML/cmm/m/it' in size <2.79999> not available
(Font)              size <5> substituted on input line 26.


LaTeX Font Warning: Font shape `OML/cmm/m/it' in size <2> not available
(Font)              size <5> substituted on input line 26.


LaTeX Font Warning: Font shape `OMS/cmsy/m/n' in size <4> not available
(Font)              size <5> substituted on input line 26.


LaTeX Font Warning: Font shape `OMS/cmsy/m/n' in size <2.79999> not available
(Font)              size <5> substituted on input line 26.


LaTeX Font Warning: Font shape `OMS/cmsy/m/n' in size <2> not available
(Font)              size <5> substituted on input line 26.


LaTeX Font Warning: Font shape `OT1/cmtt/m/n' in size <4> not available
(Font)              size <5> substituted on input line 26.


LaTeX Font Warning: Font shape `OT1/cmtt/m/n' in size <2.79999> not available
(Font)              size <5> substituted on input line 26.


LaTeX Font Warning: Font shape `OT1/cmtt/m/n' in size <2> not available
(Font)              size <5> substituted on input line 26.

File: logo_msc.jpg Graphic file (type jpg)
<use logo_msc.jpg>
Package pdftex.def Info: logo_msc.jpg used on input line 26.
(pdftex.def)             Requested size: 27.19453pt x 19.91684pt.
File: logoDiderot.png Graphic file (type png)
 <use logoDiderot.png>
Package pdftex.def Info: logoDiderot.png used on input line 26.
(pdftex.def)             Requested size: 18.67093pt x 19.91684pt.
 [1{/var/lib/texmf/fonts/map/pdftex/updmap/pdftex.map}

 <./logo_msc.jpg> <./logoDiderot.png>]
<carambTree.jpeg, id=148, 301.125pt x 261.97874pt>
File: carambTree.jpeg Graphic file (type jpg)
 <use carambTree.jpeg>
Package pdftex.def Info: carambTree.jpeg used on input line 37.
(pdftex.def)             Requested size: 126.33331pt x 109.91039pt.

<carambFruit.jpg, id=149, 1606.0pt x 1204.5pt>
File: carambFruit.jpg Graphic file (type jpg)
 <use carambFruit.jpg>
Package pdftex.def Info: carambFruit.jpg used on input line 37.
(pdftex.def)             Requested size: 126.33331pt x 94.7446pt.
File: logo_msc.jpg Graphic file (type jpg)

<use logo_msc.jpg>
Package pdftex.def Info: logo_msc.jpg used on input line 37.
(pdftex.def)             Requested size: 27.19453pt x 19.91684pt.
File: logoDiderot.png Graphic file (type png)
 <use logoDiderot.png>
Package pdftex.def Info: logoDiderot.png used on input line 37.
(pdftex.def)             Requested size: 18.67093pt x 19.91684pt.
 [2

 <./carambTree.jpeg> <./carambFruit.jpg>]
File: logo_msc.jpg Graphic file (type jpg)
 <use logo_msc.jpg>
Package pdftex.def Info: logo_msc.jpg used on input line 46.
(pdftex.def)             Requested size: 27.19453pt x 19.91684pt.
File: logoDiderot.png Graphic file (type png)
 <use logoDiderot.png>
Package pdftex.def Info: logoDiderot.png used on input line 46.
(pdftex.def)             Requested size: 18.67093pt x 19.91684pt.
 [3

]
File: logo_msc.jpg Graphic file (type jpg)
 <use logo_msc.jpg>
Package pdftex.def Info: logo_msc.jpg used on input line 59.
(pdftex.def)             Requested size: 27.19453pt x 19.91684pt.
File: logoDiderot.png Graphic file (type png)

<use logoDiderot.png>
Package pdftex.def Info: logoDiderot.png used on input line 59.
(pdftex.def)             Requested size: 18.67093pt x 19.91684pt.
 [4

] <arduino.jpg, id=280, 1355.0625pt x 890.5772pt>
File: arduino.jpg Graphic file (type jpg)

<use arduino.jpg>
Package pdftex.def Info: arduino.jpg used on input line 71.
(pdftex.def)             Requested size: 84.22363pt x 55.34839pt.
 <dht22.jpg, id=281, 702.625pt x 702.625pt>
File: dht22.jpg Graphic file (type jpg)
 <use dht22.jpg>
Package pdftex.def Info: dht22.jpg used on input line 71.
(pdftex.def)             Requested size: 42.10968pt x 42.10207pt.

<relays.jpg, id=282, 602.25pt x 602.25pt>
File: relays.jpg Graphic file (type jpg)
 <use relays.jpg>
Package pdftex.def Info: relays.jpg used on input line 71.
(pdftex.def)             Requested size: 56.14766pt x 56.13916pt.

<relayStat.jpg, id=283, 401.5pt x 401.5pt>
File: relayStat.jpg Graphic file (type jpg)
 <use relayStat.jpg>
Package pdftex.def Info: relayStat.jpg used on input line 71.
(pdftex.def)             Requested size: 56.14766pt x 56.14221pt.
File: logo_msc.jpg Graphic file (type jpg)

<use logo_msc.jpg>
Package pdftex.def Info: logo_msc.jpg used on input line 71.
(pdftex.def)             Requested size: 27.19453pt x 19.91684pt.
File: logoDiderot.png Graphic file (type png)
 <use logoDiderot.png>
Package pdftex.def Info: logoDiderot.png used on input line 71.
(pdftex.def)             Requested size: 18.67093pt x 19.91684pt.
 [5

 <./arduino.jpg> <./dht22.jpg> <./relays.jpg> <./relayStat.jpg>]
<boitier.jpg, id=327, 3734.95375pt x 2863.69875pt>
File: boitier.jpg Graphic file (type jpg)
 <use boitier.jpg>
Package pdftex.def Info: boitier.jpg used on input line 77.
(pdftex.def)             Requested size: 168.44728pt x 129.12306pt.
File: logo_msc.jpg Graphic file (type jpg)

<use logo_msc.jpg>
Package pdftex.def Info: logo_msc.jpg used on input line 77.
(pdftex.def)             Requested size: 27.19453pt x 19.91684pt.
File: logoDiderot.png Graphic file (type png)
 <use logoDiderot.png>
Package pdftex.def Info: logoDiderot.png used on input line 77.
(pdftex.def)             Requested size: 18.67093pt x 19.91684pt.
 [6

 <./boitier.jpg>]
<chauffage.jpg, id=370, 451.6875pt x 451.6875pt>
File: chauffage.jpg Graphic file (type jpg)
 <use chauffage.jpg>
Package pdftex.def Info: chauffage.jpg used on input line 88.
(pdftex.def)             Requested size: 84.22363pt x 84.22252pt.

<ventil.jpg, id=371, 301.125pt x 301.125pt>
File: ventil.jpg Graphic file (type jpg)
 <use ventil.jpg>
Package pdftex.def Info: ventil.jpg used on input line 88.
(pdftex.def)             Requested size: 84.22363pt x 84.22252pt.

<lampe.jpg, id=372, 602.25pt x 602.25pt>
File: lampe.jpg Graphic file (type jpg)
 <use lampe.jpg>
Package pdftex.def Info: lampe.jpg used on input line 88.
(pdftex.def)             Requested size: 84.22363pt x 84.22252pt.

<humidificateur.jpg, id=373, 401.5pt x 401.5pt>
File: humidificateur.jpg Graphic file (type jpg)
 <use humidificateur.jpg>
Package pdftex.def Info: humidificateur.jpg used on input line 88.
(pdftex.def)             Requested size: 84.22363pt x 84.21945pt.
File: logo_msc.jpg Graphic file (type jpg)

<use logo_msc.jpg>
Package pdftex.def Info: logo_msc.jpg used on input line 88.
(pdftex.def)             Requested size: 27.19453pt x 19.91684pt.
File: logoDiderot.png Graphic file (type png)
 <use logoDiderot.png>
Package pdftex.def Info: logoDiderot.png used on input line 88.
(pdftex.def)             Requested size: 18.67093pt x 19.91684pt.
 [7

 <./chauffage.jpg> <./ventil.jpg> <./lampe.jpg> <./humidificateur.jpg>]
<appareils.jpg, id=418, 3000.20876pt x 3958.79pt>
File: appareils.jpg Graphic file (type jpg)
 <use appareils.jpg>
Package pdftex.def Info: appareils.jpg used on input line 100.
(pdftex.def)             Requested size: 56.14766pt x 74.05798pt.

<imKymo.jpg, id=419, 1083.0864pt x 722.7pt>
File: imKymo.jpg Graphic file (type jpg)
 <use imKymo.jpg>
Package pdftex.def Info: imKymo.jpg used on input line 100.
(pdftex.def)             Requested size: 112.29533pt x 74.92082pt.

<picStack.jpg, id=420, 475.7775pt x 347.2975pt>
File: picStack.jpg Graphic file (type jpg)
 <use picStack.jpg>
Package pdftex.def Info: picStack.jpg used on input line 100.
(pdftex.def)             Requested size: 84.22363pt x 61.47748pt.

<kymo.png, id=421, 1405.25pt x 1692.3225pt>
File: kymo.png Graphic file (type png)
 <use kymo.png>
Package pdftex.def Info: kymo.png used on input line 100.
(pdftex.def)             Requested size: 84.22363pt x 101.40585pt.
File: logo_msc.jpg Graphic file (type jpg)
 <use logo_msc.jpg>
Package pdftex.def Info: logo_msc.jpg used on input line 100.
(pdftex.def)             Requested size: 27.19453pt x 19.91684pt.
File: logoDiderot.png Graphic file (type png)

<use logoDiderot.png>
Package pdftex.def Info: logoDiderot.png used on input line 100.
(pdftex.def)             Requested size: 18.67093pt x 19.91684pt.
 [8

 <./appareils.jpg> <./imKymo.jpg> <./picStack.jpg> <./kymo.png (PNG copy)>] <tr
aj.pdf, id=466, 462.52798pt x 346.89601pt>
File: traj.pdf Graphic file (type pdf)

<use traj.pdf>
Package pdftex.def Info: traj.pdf used on input line 107.
(pdftex.def)             Requested size: 210.55696pt x 157.91733pt.
File: logo_msc.jpg Graphic file (type jpg)
 <use logo_msc.jpg>
Package pdftex.def Info: logo_msc.jpg used on input line 107.
(pdftex.def)             Requested size: 27.19453pt x 19.91684pt.
File: logoDiderot.png Graphic file (type png)
 <use logoDiderot.png>
Package pdftex.def Info: logoDiderot.png used on input line 107.
(pdftex.def)             Requested size: 18.67093pt x 19.91684pt.
 [9

 <./traj.pdf>]
<trajScaledRaw.pdf, id=543, 462.52798pt x 346.89601pt>
File: trajScaledRaw.pdf Graphic file (type pdf)
 <use trajScaledRaw.pdf>
Package pdftex.def Info: trajScaledRaw.pdf used on input line 121.
(pdftex.def)             Requested size: 135.3713pt x 101.52887pt.

<trajScaledCorr.pdf, id=544, 462.52798pt x 346.89601pt>
File: trajScaledCorr.pdf Graphic file (type pdf)

<use trajScaledCorr.pdf>
Package pdftex.def Info: trajScaledCorr.pdf used on input line 121.
(pdftex.def)             Requested size: 135.3713pt x 101.52887pt.
File: logo_msc.jpg Graphic file (type jpg)
 <use logo_msc.jpg>
Package pdftex.def Info: logo_msc.jpg used on input line 121.
(pdftex.def)             Requested size: 27.19453pt x 19.91684pt.
File: logoDiderot.png Graphic file (type png)
 <use logoDiderot.png>
Package pdftex.def Info: logoDiderot.png used on input line 121.
(pdftex.def)             Requested size: 18.67093pt x 19.91684pt.
 [10

 <./trajScaledRaw.pdf> <./trajScaledCorr.pdf

pdfTeX warning: pdflatex (file ./trajScaledCorr.pdf): PDF inclusion: multiple p
dfs with page group included in a single page
>] <powergraph.pdf, id=648, 462.52798pt x 346.89601pt>
File: powergraph.pdf Graphic file (type pdf)
 <use powergraph.pdf>
Package pdftex.def Info: powergraph.pdf used on input line 132.
(pdftex.def)             Requested size: 210.55696pt x 157.91733pt.
File: logo_msc.jpg Graphic file (type jpg)

<use logo_msc.jpg>
Package pdftex.def Info: logo_msc.jpg used on input line 132.
(pdftex.def)             Requested size: 27.19453pt x 19.91684pt.
File: logoDiderot.png Graphic file (type png)
 <use logoDiderot.png>
Package pdftex.def Info: logoDiderot.png used on input line 132.
(pdftex.def)             Requested size: 18.67093pt x 19.91684pt.
 [11

 <./powergraph.pdf>]
<period.pdf, id=709, 462.52798pt x 346.89601pt>
File: period.pdf Graphic file (type pdf)
 <use period.pdf>
Package pdftex.def Info: period.pdf used on input line 145.
(pdftex.def)             Requested size: 135.3713pt x 101.52887pt.

<ampl.pdf, id=710, 462.52798pt x 346.89601pt>
File: ampl.pdf Graphic file (type pdf)
 <use ampl.pdf>
Package pdftex.def Info: ampl.pdf used on input line 145.
(pdftex.def)             Requested size: 135.3713pt x 101.52887pt.
File: logo_msc.jpg Graphic file (type jpg)

<use logo_msc.jpg>
Package pdftex.def Info: logo_msc.jpg used on input line 145.
(pdftex.def)             Requested size: 27.19453pt x 19.91684pt.
File: logoDiderot.png Graphic file (type png)
 <use logoDiderot.png>
Package pdftex.def Info: logoDiderot.png used on input line 145.
(pdftex.def)             Requested size: 18.67093pt x 19.91684pt.
 [12

 <./period.pdf> <./ampl.pdf

pdfTeX warning: pdflatex (file ./ampl.pdf): PDF inclusion: multiple pdfs with p
age group included in a single page
>]
File: period.pdf Graphic file (type pdf)
 <use period.pdf>
Package pdftex.def Info: period.pdf used on input line 160.
(pdftex.def)             Requested size: 135.3713pt x 101.52887pt.
File: ampl.pdf Graphic file (type pdf)
 <use ampl.pdf>
Package pdftex.def Info: ampl.pdf used on input line 160.
(pdftex.def)             Requested size: 135.3713pt x 101.52887pt.
File: logo_msc.jpg Graphic file (type jpg)
 <use logo_msc.jpg>
Package pdftex.def Info: logo_msc.jpg used on input line 160.
(pdftex.def)             Requested size: 27.19453pt x 19.91684pt.
File: logoDiderot.png Graphic file (type png)
 <use logoDiderot.png>
Package pdftex.def Info: logoDiderot.png used on input line 160.
(pdftex.def)             Requested size: 18.67093pt x 19.91684pt.

[13

] <period22.pdf, id=855, 462.52798pt x 346.89601pt>
File: period22.pdf Graphic file (type pdf)
 <use period22.pdf>
Package pdftex.def Info: period22.pdf used on input line 176.
(pdftex.def)             Requested size: 135.3713pt x 101.52887pt.

<ampl22.pdf, id=856, 462.52798pt x 346.89601pt>
File: ampl22.pdf Graphic file (type pdf)
 <use ampl22.pdf>
Package pdftex.def Info: ampl22.pdf used on input line 176.
(pdftex.def)             Requested size: 135.3713pt x 101.52887pt.
File: logo_msc.jpg Graphic file (type jpg)

<use logo_msc.jpg>
Package pdftex.def Info: logo_msc.jpg used on input line 176.
(pdftex.def)             Requested size: 27.19453pt x 19.91684pt.
File: logoDiderot.png Graphic file (type png)
 <use logoDiderot.png>
Package pdftex.def Info: logoDiderot.png used on input line 176.
(pdftex.def)             Requested size: 18.67093pt x 19.91684pt.
 [14

 <./period22.pdf> <./ampl22.pdf

pdfTeX warning: pdflatex (file ./ampl22.pdf): PDF inclusion: multiple pdfs with
 page group included in a single page
>] <period28.pdf, id=956, 462.52798pt x 346.89601pt>
File: period28.pdf Graphic file (type pdf)
 <use period28.pdf>
Package pdftex.def Info: period28.pdf used on input line 190.
(pdftex.def)             Requested size: 135.3713pt x 101.52887pt.

<ampl28.pdf, id=957, 462.52798pt x 346.89601pt>
File: ampl28.pdf Graphic file (type pdf)
 <use ampl28.pdf>
Package pdftex.def Info: ampl28.pdf used on input line 190.
(pdftex.def)             Requested size: 135.3713pt x 101.52887pt.
File: logo_msc.jpg Graphic file (type jpg)

<use logo_msc.jpg>
Package pdftex.def Info: logo_msc.jpg used on input line 190.
(pdftex.def)             Requested size: 27.19453pt x 19.91684pt.
File: logoDiderot.png Graphic file (type png)
 <use logoDiderot.png>
Package pdftex.def Info: logoDiderot.png used on input line 190.
(pdftex.def)             Requested size: 18.67093pt x 19.91684pt.
 [15

 <./period28.pdf> <./ampl28.pdf

pdfTeX warning: pdflatex (file ./ampl28.pdf): PDF inclusion: multiple pdfs with
 page group included in a single page
>]
File: logo_msc.jpg Graphic file (type jpg)
 <use logo_msc.jpg>
Package pdftex.def Info: logo_msc.jpg used on input line 206.
(pdftex.def)             Requested size: 27.19453pt x 19.91684pt.
File: logoDiderot.png Graphic file (type png)
 <use logoDiderot.png>
Package pdftex.def Info: logoDiderot.png used on input line 206.
(pdftex.def)             Requested size: 18.67093pt x 19.91684pt.
 [16

]

LaTeX Font Warning: Font shape `OT1/cmss/m/sc' in size <12> not available
(Font)              Font shape `OT1/cmr/m/sc' tried instead on input line 222.

File: logo_msc.jpg Graphic file (type jpg)
<use logo_msc.jpg>
Package pdftex.def Info: logo_msc.jpg used on input line 222.
(pdftex.def)             Requested size: 27.19453pt x 19.91684pt.
File: logoDiderot.png Graphic file (type png)
 <use logoDiderot.png>
Package pdftex.def Info: logoDiderot.png used on input line 222.
(pdftex.def)             Requested size: 18.67093pt x 19.91684pt.
 [17

]
\tf@nav=\write6
\openout6 = `PresMSC.nav'.

\tf@toc=\write7
\openout7 = `PresMSC.toc'.

\tf@snm=\write8
\openout8 = `PresMSC.snm'.

Package atveryend Info: Empty hook `BeforeClearDocument' on input line 226.
Package atveryend Info: Empty hook `AfterLastShipout' on input line 226.
 (./PresMSC.aux)
Package atveryend Info: Executing hook `AtVeryEndDocument' on input line 226.
Package atveryend Info: Executing hook `AtEndAfterFileList' on input line 226.
Package rerunfilecheck Info: File `PresMSC.out' has not changed.
(rerunfilecheck)             Checksum: 266A53A891FE8CC25664906A7726EB78;996.


LaTeX Font Warning: Size substitutions with differences
(Font)              up to 3.0pt have occurred.

 ) 
Here is how much of TeX's memory you used:
 27612 strings out of 493013
 554544 string characters out of 6135683
 583769 words of memory out of 5000000
 30591 multiletter control sequences out of 15000+600000
 18293 words of font info for 69 fonts, out of 8000000 for 9000
 1141 hyphenation exceptions out of 8191
 56i,20n,60p,10382b,1232s stack positions out of 5000i,500n,10000p,200000b,80000s
</usr/share/texlive/texmf-dist/fonts/type1/public/amsfonts/cm/cmcsc10.pfb></u
sr/share/texlive/texmf-dist/fonts/type1/public/amsfonts/cm/cmss12.pfb></usr/sha
re/texlive/texmf-dist/fonts/type1/public/amsfonts/cm/cmss17.pfb></usr/share/tex
live/texmf-dist/fonts/type1/public/amsfonts/cm/cmss8.pfb></usr/share/texlive/te
xmf-dist/fonts/type1/public/amsfonts/cm/cmssi17.pfb></usr/share/texlive/texmf-d
ist/fonts/type1/public/amsfonts/cm/cmssi8.pfb></usr/share/texlive/texmf-dist/fo
nts/type1/public/amsfonts/cm/cmsy10.pfb></usr/share/texlive/texmf-dist/fonts/ty
pe1/public/amsfonts/cm/cmsy5.pfb></usr/share/texlive/texmf-dist/fonts/type1/pub
lic/amsfonts/cm/cmsy8.pfb>
Output written on PresMSC.pdf (17 pages, 18108119 bytes).
PDF statistics:
 1188 PDF objects out of 1200 (max. 8388607)
 891 compressed objects within 9 object streams
 52 named destinations out of 1000 (max. 500000)
 318 words of extra memory for PDF output out of 10000 (max. 10000000)

